This is pdfTeX, Version 3.1415926-2.5-1.40.14 (TeX Live 2013/Arch Linux) (format=pdflatex 2014.4.8)  16 AUG 2014 22:41
entering extended mode
 restricted \write18 enabled.
 %&-line parsing enabled.
**thesis.tex
(./thesis.tex
LaTeX2e <2011/06/27>
Babel <3.9h> and hyphenation patterns for 78 languages loaded.
(./thesisclass.cls
Document Class: thesisclass 
(/usr/share/texmf-dist/tex/latex/koma-script/scrbook.cls
Document Class: scrbook 2013/12/19 v3.12 KOMA-Script document class (book)
(/usr/share/texmf-dist/tex/latex/koma-script/scrkbase.sty
Package: scrkbase 2013/12/19 v3.12 KOMA-Script package (KOMA-Script-dependent b
asics and keyval usage)

(/usr/share/texmf-dist/tex/latex/koma-script/scrbase.sty
Package: scrbase 2013/12/19 v3.12 KOMA-Script package (KOMA-Script-independent 
basics and keyval usage)

(/usr/share/texmf-dist/tex/latex/graphics/keyval.sty
Package: keyval 1999/03/16 v1.13 key=value parser (DPC)
\KV@toks@=\toks14
)
(/usr/share/texmf-dist/tex/latex/koma-script/scrlfile.sty
Package: scrlfile 2013/12/19 v3.12 KOMA-Script package (loading files)

Package scrlfile, 2013/12/19 v3.12 KOMA-Script package (loading files)
                  Copyright (C) Markus Kohm

))) (/usr/share/texmf-dist/tex/latex/koma-script/tocbasic.sty
Package: tocbasic 2013/12/19 v3.12 KOMA-Script package (handling toc-files)
)
Package tocbasic Info: omitting babel extension for `toc'
(tocbasic)             because of feature `nobabel' available
(tocbasic)             for `toc' on input line 117.
Package tocbasic Info: omitting babel extension for `lof'
(tocbasic)             because of feature `nobabel' available
(tocbasic)             for `lof' on input line 118.
Package tocbasic Info: omitting babel extension for `lot'
(tocbasic)             because of feature `nobabel' available
(tocbasic)             for `lot' on input line 119.
Package tocbasic Info: defining new hook before heading of `' on input line 111
8.
Package scrbook Info: You've used standard option `11pt'.
(scrbook)             This is correct!
(scrbook)             Internally I'm using `fontsize=11pt'.
(scrbook)             If you'd like to set the option with \KOMAoptions,
(scrbook)             you'd have to use `fontsize=11pt' there
(scrbook)             instead of `11pt', too.
Class scrbook Info: File `scrsize11pt.clo' used to setup font sizes on input li
ne 1655.

(/usr/share/texmf-dist/tex/latex/koma-script/scrsize11pt.clo
File: scrsize11pt.clo 2013/12/19 v3.12 KOMA-Script font size class option (11pt
)
)
(/usr/share/texmf-dist/tex/latex/koma-script/typearea.sty
Package: typearea 2013/12/19 v3.12 KOMA-Script package (type area)

Package typearea, 2013/12/19 v3.12 KOMA-Script package (type area)
                  Copyright (C) Frank Neukam, 1992-1994
                  Copyright (C) Markus Kohm, 1994-

\ta@bcor=\skip41
\ta@div=\count79
\ta@hblk=\skip42
\ta@vblk=\skip43
\ta@temp=\skip44
\footheight=\skip45
Package typearea Info: These are the values describing the layout:
(typearea)             DIV  = 10
(typearea)             BCOR = 0.0pt
(typearea)             \paperwidth      = 597.50793pt
(typearea)              \textwidth      = 418.25555pt
(typearea)              DIV departure   = -6%
(typearea)              \evensidemargin = 47.2316pt
(typearea)              \oddsidemargin  = -12.5192pt
(typearea)             \paperheight     = 845.04694pt
(typearea)              \textheight     = 595.80026pt
(typearea)              \topmargin      = -25.16531pt
(typearea)              \headheight     = 17.0pt
(typearea)              \headsep        = 20.40001pt
(typearea)              \topskip        = 11.0pt
(typearea)              \footskip       = 47.6pt
(typearea)              \baselineskip   = 13.6pt
(typearea)              on input line 1330.
)
\c@part=\count80
\c@chapter=\count81
\c@section=\count82
\c@subsection=\count83
\c@subsubsection=\count84
\c@paragraph=\count85
\c@subparagraph=\count86
\abovecaptionskip=\skip46
\belowcaptionskip=\skip47
\c@pti@nb@sid@b@x=\box26
\c@figure=\count87
\c@table=\count88
\bibindent=\dimen102
) (/usr/share/texmf-dist/tex/generic/german/ngerman.sty v2.5e 1998-07-08
Package: ngerman 1998/07/08 v2.5e Support for writing german texts (br)
\grmnU@D=\dimen103
ngerman -- \language number for naustrian undefined, default 31 used.
)
(/usr/share/texmf-dist/tex/latex/base/fontenc.sty
Package: fontenc 2005/09/27 v1.99g Standard LaTeX package

(/usr/share/texmf-dist/tex/latex/base/t1enc.def
File: t1enc.def 2005/09/27 v1.99g Standard LaTeX file
LaTeX Font Info:    Redeclaring font encoding T1 on input line 43.
))
(/usr/share/texmf-dist/tex/latex/base/inputenc.sty
Package: inputenc 2008/03/30 v1.1d Input encoding file
\inpenc@prehook=\toks15
\inpenc@posthook=\toks16

(/usr/share/texmf-dist/tex/latex/base/latin1.def
File: latin1.def 2008/03/30 v1.1d Input encoding file
)
(/usr/share/texmf-dist/tex/latex/ucs/utf8x.def
File: utf8x.def 2004/10/17 UCS: Input encoding UTF-8
))
(/usr/share/texmf-dist/tex/latex/ucs/ucs.sty
Package: ucs 2013/05/11 v2.2 UCS: Unicode input support

(/usr/share/texmf-dist/tex/latex/ucs/data/uni-global.def
File: uni-global.def 2013/05/13 UCS: Unicode global data
)
\uc@secondtry=\count89
\uc@combtoks=\toks17
\uc@combtoksb=\toks18
\uc@temptokena=\toks19
)
(/usr/share/texmf-dist/tex/latex/ae/ae.sty
Package: ae 2001/02/12 1.3 Almost European Computer Modern

(/usr/share/texmf-dist/tex/latex/base/fontenc.sty
Package: fontenc 2005/09/27 v1.99g Standard LaTeX package

(/usr/share/texmf-dist/tex/latex/base/t1enc.def
File: t1enc.def 2005/09/27 v1.99g Standard LaTeX file
LaTeX Font Info:    Redeclaring font encoding T1 on input line 43.
)
LaTeX Font Info:    Try loading font information for T1+aer on input line 100.

(/usr/share/texmf-dist/tex/latex/ae/t1aer.fd
File: t1aer.fd 1997/11/16 Font definitions for T1/aer.
)))
(/usr/share/texmf-dist/tex/latex/graphics/graphicx.sty
Package: graphicx 1999/02/16 v1.0f Enhanced LaTeX Graphics (DPC,SPQR)

(/usr/share/texmf-dist/tex/latex/graphics/graphics.sty
Package: graphics 2009/02/05 v1.0o Standard LaTeX Graphics (DPC,SPQR)

(/usr/share/texmf-dist/tex/latex/graphics/trig.sty
Package: trig 1999/03/16 v1.09 sin cos tan (DPC)
)
(/usr/share/texmf-dist/tex/latex/latexconfig/graphics.cfg
File: graphics.cfg 2010/04/23 v1.9 graphics configuration of TeX Live
)
Package graphics Info: Driver file: pdftex.def on input line 91.

(/usr/share/texmf-dist/tex/latex/pdftex-def/pdftex.def
File: pdftex.def 2011/05/27 v0.06d Graphics/color for pdfTeX

(/usr/share/texmf-dist/tex/generic/oberdiek/infwarerr.sty
Package: infwarerr 2010/04/08 v1.3 Providing info/warning/error messages (HO)
)
(/usr/share/texmf-dist/tex/generic/oberdiek/ltxcmds.sty
Package: ltxcmds 2011/11/09 v1.22 LaTeX kernel commands for general use (HO)
)
\Gread@gobject=\count90
))
\Gin@req@height=\dimen104
\Gin@req@width=\dimen105
)
(/usr/share/texmf-dist/tex/latex/vmargin/vmargin.sty
Package: vmargin 2004/07/15 V2.5 set document margins (VK)

Package: vmargin 2004/07/15 V2.5 set document margins (VK)
\PaperWidth=\dimen106
\PaperHeight=\dimen107
)

Class scrbook Warning: Usage of package `fancyhdr' together
(scrbook)              with a KOMA-Script class is not recommended.
(scrbook)              I'd suggest to use 
(scrbook)              package `scrpage2' or `scrlayer-scrpage'.
(scrbook)              Nevertheless, using requested
(scrbook)              package `fancyhdr' on input line 31.

(/usr/share/texmf-dist/tex/latex/fancyhdr/fancyhdr.sty
\fancy@headwidth=\skip48
\f@ncyO@elh=\skip49
\f@ncyO@erh=\skip50
\f@ncyO@olh=\skip51
\f@ncyO@orh=\skip52
\f@ncyO@elf=\skip53
\f@ncyO@erf=\skip54
\f@ncyO@olf=\skip55
\f@ncyO@orf=\skip56
)
(/usr/share/texmf-dist/tex/latex/subfigure/subfigure.sty
Package: subfigure 2002/03/15 v2.1.5 subfigure package
\subfigtopskip=\skip57
\subfigcapskip=\skip58
\subfigcaptopadj=\dimen108
\subfigbottomskip=\skip59
\subfigcapmargin=\dimen109
\subfiglabelskip=\skip60
\c@subfigure=\count91
\c@lofdepth=\count92
\c@subtable=\count93
\c@lotdepth=\count94

****************************************
* Local config file subfigure.cfg used *
****************************************
(/usr/share/texmf-dist/tex/latex/subfigure/subfigure.cfg)
\subfig@top=\skip61
\subfig@bottom=\skip62
)
(/usr/share/texmf-dist/tex/latex/url/url.sty
\Urlmuskip=\muskip10
Package: url 2013/09/16  ver 3.4  Verb mode for urls, etc.
)
(/usr/share/texmf-dist/tex/latex/textpos/textpos.sty
Package: textpos 2014/01/03 v1.7j

Package: textpos 2014/01/03 1.7j, absolute positioning of text on the page
(/usr/share/texmf-dist/tex/latex/ms/everyshi.sty
Package: everyshi 2001/05/15 v3.00 EveryShipout Package (MS)
)
\TP@textbox=\box27
\TP@holdbox=\box28
\TPHorizModule=\dimen110
\TPVertModule=\dimen111
\TP@margin=\dimen112
\TP@absmargin=\dimen113

Grid set 16 x 16 = 37.38425pt x 52.86877pt
\TPboxrulesize=\dimen114
\TP@ox=\dimen115
\TP@oy=\dimen116
\TP@tbargs=\toks20
\TP@prevdepth=\dimen117
TextBlockOrigin set to 0pt x 0pt
) (/usr/share/texmf-dist/tex/latex/pgf/frontendlayer/tikz.sty
(/usr/share/texmf-dist/tex/latex/pgf/basiclayer/pgf.sty
(/usr/share/texmf-dist/tex/latex/pgf/utilities/pgfrcs.sty
(/usr/share/texmf-dist/tex/generic/pgf/utilities/pgfutil-common.tex
\pgfutil@everybye=\toks21
\pgfutil@tempdima=\dimen118
\pgfutil@tempdimb=\dimen119

(/usr/share/texmf-dist/tex/generic/pgf/utilities/pgfutil-common-lists.tex))
(/usr/share/texmf-dist/tex/generic/pgf/utilities/pgfutil-latex.def
\pgfutil@abb=\box29
)
(/usr/share/texmf-dist/tex/generic/pgf/utilities/pgfrcs.code.tex
Package: pgfrcs 2013/12/20 v3.0.0 (rcs-revision 1.28)
))
Package: pgf 2013/12/18 v3.0.0 (rcs-revision 1.14)

(/usr/share/texmf-dist/tex/latex/pgf/basiclayer/pgfcore.sty
(/usr/share/texmf-dist/tex/latex/pgf/systemlayer/pgfsys.sty
(/usr/share/texmf-dist/tex/generic/pgf/systemlayer/pgfsys.code.tex
Package: pgfsys 2013/11/30 v3.0.0 (rcs-revision 1.47)

(/usr/share/texmf-dist/tex/generic/pgf/utilities/pgfkeys.code.tex
\pgfkeys@pathtoks=\toks22
\pgfkeys@temptoks=\toks23

(/usr/share/texmf-dist/tex/generic/pgf/utilities/pgfkeysfiltered.code.tex
\pgfkeys@tmptoks=\toks24
))
\pgf@x=\dimen120
\pgf@y=\dimen121
\pgf@xa=\dimen122
\pgf@ya=\dimen123
\pgf@xb=\dimen124
\pgf@yb=\dimen125
\pgf@xc=\dimen126
\pgf@yc=\dimen127
\w@pgf@writea=\write3
\r@pgf@reada=\read1
\c@pgf@counta=\count95
\c@pgf@countb=\count96
\c@pgf@countc=\count97
\c@pgf@countd=\count98
\t@pgf@toka=\toks25
\t@pgf@tokb=\toks26
\t@pgf@tokc=\toks27

(/usr/share/texmf-dist/tex/generic/pgf/systemlayer/pgf.cfg
File: pgf.cfg 2008/05/14  (rcs-revision 1.7)
)
Driver file for pgf: pgfsys-pdftex.def

(/usr/share/texmf-dist/tex/generic/pgf/systemlayer/pgfsys-pdftex.def
File: pgfsys-pdftex.def 2013/07/18  (rcs-revision 1.33)

(/usr/share/texmf-dist/tex/generic/pgf/systemlayer/pgfsys-common-pdf.def
File: pgfsys-common-pdf.def 2013/10/10  (rcs-revision 1.13)
)))
(/usr/share/texmf-dist/tex/generic/pgf/systemlayer/pgfsyssoftpath.code.tex
File: pgfsyssoftpath.code.tex 2013/09/09  (rcs-revision 1.9)
\pgfsyssoftpath@smallbuffer@items=\count99
\pgfsyssoftpath@bigbuffer@items=\count100
)
(/usr/share/texmf-dist/tex/generic/pgf/systemlayer/pgfsysprotocol.code.tex
File: pgfsysprotocol.code.tex 2006/10/16  (rcs-revision 1.4)
))
(/usr/share/texmf-dist/tex/latex/xcolor/xcolor.sty
Package: xcolor 2007/01/21 v2.11 LaTeX color extensions (UK)

(/usr/share/texmf-dist/tex/latex/latexconfig/color.cfg
File: color.cfg 2007/01/18 v1.5 color configuration of teTeX/TeXLive
)
Package xcolor Info: Driver file: pdftex.def on input line 225.
Package xcolor Info: Model `cmy' substituted by `cmy0' on input line 1337.
Package xcolor Info: Model `hsb' substituted by `rgb' on input line 1341.
Package xcolor Info: Model `RGB' extended on input line 1353.
Package xcolor Info: Model `HTML' substituted by `rgb' on input line 1355.
Package xcolor Info: Model `Hsb' substituted by `hsb' on input line 1356.
Package xcolor Info: Model `tHsb' substituted by `hsb' on input line 1357.
Package xcolor Info: Model `HSB' substituted by `hsb' on input line 1358.
Package xcolor Info: Model `Gray' substituted by `gray' on input line 1359.
Package xcolor Info: Model `wave' substituted by `hsb' on input line 1360.
)
(/usr/share/texmf-dist/tex/generic/pgf/basiclayer/pgfcore.code.tex
Package: pgfcore 2010/04/11 v3.0.0 (rcs-revision 1.7)

(/usr/share/texmf-dist/tex/generic/pgf/math/pgfmath.code.tex
(/usr/share/texmf-dist/tex/generic/pgf/math/pgfmathcalc.code.tex
(/usr/share/texmf-dist/tex/generic/pgf/math/pgfmathutil.code.tex)
(/usr/share/texmf-dist/tex/generic/pgf/math/pgfmathparser.code.tex
\pgfmath@dimen=\dimen128
\pgfmath@count=\count101
\pgfmath@box=\box30
\pgfmath@toks=\toks28
\pgfmath@stack@operand=\toks29
\pgfmath@stack@operation=\toks30
)
(/usr/share/texmf-dist/tex/generic/pgf/math/pgfmathfunctions.code.tex
(/usr/share/texmf-dist/tex/generic/pgf/math/pgfmathfunctions.basic.code.tex)
(/usr/share/texmf-dist/tex/generic/pgf/math/pgfmathfunctions.trigonometric.code
.tex)
(/usr/share/texmf-dist/tex/generic/pgf/math/pgfmathfunctions.random.code.tex)
(/usr/share/texmf-dist/tex/generic/pgf/math/pgfmathfunctions.comparison.code.te
x) (/usr/share/texmf-dist/tex/generic/pgf/math/pgfmathfunctions.base.code.tex)
(/usr/share/texmf-dist/tex/generic/pgf/math/pgfmathfunctions.round.code.tex)
(/usr/share/texmf-dist/tex/generic/pgf/math/pgfmathfunctions.misc.code.tex)
(/usr/share/texmf-dist/tex/generic/pgf/math/pgfmathfunctions.integerarithmetics
.code.tex))) (/usr/share/texmf-dist/tex/generic/pgf/math/pgfmathfloat.code.tex
\c@pgfmathroundto@lastzeros=\count102
)) (/usr/share/texmf-dist/tex/generic/pgf/basiclayer/pgfcorepoints.code.tex
File: pgfcorepoints.code.tex 2013/10/07  (rcs-revision 1.27)
\pgf@picminx=\dimen129
\pgf@picmaxx=\dimen130
\pgf@picminy=\dimen131
\pgf@picmaxy=\dimen132
\pgf@pathminx=\dimen133
\pgf@pathmaxx=\dimen134
\pgf@pathminy=\dimen135
\pgf@pathmaxy=\dimen136
\pgf@xx=\dimen137
\pgf@xy=\dimen138
\pgf@yx=\dimen139
\pgf@yy=\dimen140
\pgf@zx=\dimen141
\pgf@zy=\dimen142
)
(/usr/share/texmf-dist/tex/generic/pgf/basiclayer/pgfcorepathconstruct.code.tex
File: pgfcorepathconstruct.code.tex 2013/10/07  (rcs-revision 1.29)
\pgf@path@lastx=\dimen143
\pgf@path@lasty=\dimen144
) (/usr/share/texmf-dist/tex/generic/pgf/basiclayer/pgfcorepathusage.code.tex
File: pgfcorepathusage.code.tex 2013/12/13  (rcs-revision 1.23)
\pgf@shorten@end@additional=\dimen145
\pgf@shorten@start@additional=\dimen146
)
(/usr/share/texmf-dist/tex/generic/pgf/basiclayer/pgfcorescopes.code.tex
File: pgfcorescopes.code.tex 2013/10/09  (rcs-revision 1.44)
\pgfpic=\box31
\pgf@hbox=\box32
\pgf@layerbox@main=\box33
\pgf@picture@serial@count=\count103
)
(/usr/share/texmf-dist/tex/generic/pgf/basiclayer/pgfcoregraphicstate.code.tex
File: pgfcoregraphicstate.code.tex 2013/09/19  (rcs-revision 1.11)
\pgflinewidth=\dimen147
)
(/usr/share/texmf-dist/tex/generic/pgf/basiclayer/pgfcoretransformations.code.t
ex
File: pgfcoretransformations.code.tex 2013/10/10  (rcs-revision 1.17)
\pgf@pt@x=\dimen148
\pgf@pt@y=\dimen149
\pgf@pt@temp=\dimen150
) (/usr/share/texmf-dist/tex/generic/pgf/basiclayer/pgfcorequick.code.tex
File: pgfcorequick.code.tex 2008/10/09  (rcs-revision 1.3)
)
(/usr/share/texmf-dist/tex/generic/pgf/basiclayer/pgfcoreobjects.code.tex
File: pgfcoreobjects.code.tex 2006/10/11  (rcs-revision 1.2)
)
(/usr/share/texmf-dist/tex/generic/pgf/basiclayer/pgfcorepathprocessing.code.te
x
File: pgfcorepathprocessing.code.tex 2013/09/09  (rcs-revision 1.9)
) (/usr/share/texmf-dist/tex/generic/pgf/basiclayer/pgfcorearrows.code.tex
File: pgfcorearrows.code.tex 2013/11/07  (rcs-revision 1.40)
\pgfarrowsep=\dimen151
)
(/usr/share/texmf-dist/tex/generic/pgf/basiclayer/pgfcoreshade.code.tex
File: pgfcoreshade.code.tex 2013/07/15  (rcs-revision 1.15)
\pgf@max=\dimen152
\pgf@sys@shading@range@num=\count104
)
(/usr/share/texmf-dist/tex/generic/pgf/basiclayer/pgfcoreimage.code.tex
File: pgfcoreimage.code.tex 2013/07/15  (rcs-revision 1.18)

(/usr/share/texmf-dist/tex/generic/pgf/basiclayer/pgfcoreexternal.code.tex
File: pgfcoreexternal.code.tex 2013/07/15  (rcs-revision 1.20)
\pgfexternal@startupbox=\box34
))
(/usr/share/texmf-dist/tex/generic/pgf/basiclayer/pgfcorelayers.code.tex
File: pgfcorelayers.code.tex 2013/07/18  (rcs-revision 1.7)
)
(/usr/share/texmf-dist/tex/generic/pgf/basiclayer/pgfcoretransparency.code.tex
File: pgfcoretransparency.code.tex 2013/09/30  (rcs-revision 1.5)
) (/usr/share/texmf-dist/tex/generic/pgf/basiclayer/pgfcorepatterns.code.tex
File: pgfcorepatterns.code.tex 2013/11/07  (rcs-revision 1.5)
)))
(/usr/share/texmf-dist/tex/generic/pgf/modules/pgfmoduleshapes.code.tex
File: pgfmoduleshapes.code.tex 2013/10/31  (rcs-revision 1.34)
\pgfnodeparttextbox=\box35
)
(/usr/share/texmf-dist/tex/generic/pgf/modules/pgfmoduleplot.code.tex
File: pgfmoduleplot.code.tex 2013/07/31  (rcs-revision 1.12)
)
(/usr/share/texmf-dist/tex/latex/pgf/compatibility/pgfcomp-version-0-65.sty
Package: pgfcomp-version-0-65 2007/07/03 v3.0.0 (rcs-revision 1.7)
\pgf@nodesepstart=\dimen153
\pgf@nodesepend=\dimen154
)
(/usr/share/texmf-dist/tex/latex/pgf/compatibility/pgfcomp-version-1-18.sty
Package: pgfcomp-version-1-18 2007/07/23 v3.0.0 (rcs-revision 1.1)
))
(/usr/share/texmf-dist/tex/latex/pgf/utilities/pgffor.sty
(/usr/share/texmf-dist/tex/latex/pgf/utilities/pgfkeys.sty
(/usr/share/texmf-dist/tex/generic/pgf/utilities/pgfkeys.code.tex))
(/usr/share/texmf-dist/tex/latex/pgf/math/pgfmath.sty
(/usr/share/texmf-dist/tex/generic/pgf/math/pgfmath.code.tex))
(/usr/share/texmf-dist/tex/generic/pgf/utilities/pgffor.code.tex
Package: pgffor 2013/12/13 v3.0.0 (rcs-revision 1.25)

(/usr/share/texmf-dist/tex/generic/pgf/math/pgfmath.code.tex)
\pgffor@iter=\dimen155
\pgffor@skip=\dimen156
\pgffor@stack=\toks31
\pgffor@toks=\toks32
))
(/usr/share/texmf-dist/tex/generic/pgf/frontendlayer/tikz/tikz.code.tex
Package: tikz 2013/12/13 v3.0.0 (rcs-revision 1.142)

(/usr/share/texmf-dist/tex/generic/pgf/libraries/pgflibraryplothandlers.code.te
x
File: pgflibraryplothandlers.code.tex 2013/08/31 v3.0.0 (rcs-revision 1.20)
\pgf@plot@mark@count=\count105
\pgfplotmarksize=\dimen157
)
\tikz@lastx=\dimen158
\tikz@lasty=\dimen159
\tikz@lastxsaved=\dimen160
\tikz@lastysaved=\dimen161
\tikzleveldistance=\dimen162
\tikzsiblingdistance=\dimen163
\tikz@figbox=\box36
\tikz@figbox@bg=\box37
\tikz@tempbox=\box38
\tikz@tempbox@bg=\box39
\tikztreelevel=\count106
\tikznumberofchildren=\count107
\tikznumberofcurrentchild=\count108
\tikz@fig@count=\count109
 (/usr/share/texmf-dist/tex/generic/pgf/modules/pgfmodulematrix.code.tex
File: pgfmodulematrix.code.tex 2013/09/17  (rcs-revision 1.8)
\pgfmatrixcurrentrow=\count110
\pgfmatrixcurrentcolumn=\count111
\pgf@matrix@numberofcolumns=\count112
)
\tikz@expandcount=\count113

(/usr/share/texmf-dist/tex/generic/pgf/frontendlayer/tikz/libraries/tikzlibrary
topaths.code.tex
File: tikzlibrarytopaths.code.tex 2008/06/17 v3.0.0 (rcs-revision 1.2)
))) (/usr/share/texmf-dist/tex/generic/babel/babel.sty
Package: babel 2013/12/03 3.9h The Babel package

(/usr/share/texmf-dist/tex/generic/babel-english/english.ldf
Language: english 2012/08/20 v3.3p English support from the babel system

(/usr/share/texmf-dist/tex/generic/babel/babel.def
File: babel.def 2013/12/03 3.9h Babel common definitions
\babel@savecnt=\count114
\U@D=\dimen164
))
(/usr/share/texmf-dist/tex/generic/babel-german/ngermanb.ldf
Language: ngermanb 2013/12/13 v2.7 German support for babel (new orthography)
))
(/usr/share/texmf-dist/tex/latex/algorithms/algorithm.sty
Package: algorithm 2009/08/24 v0.1 Document Style `algorithm' - floating enviro
nment

(/usr/share/texmf-dist/tex/latex/float/float.sty
Package: float 2001/11/08 v1.3d Float enhancements (AL)
\c@float@type=\count115
\float@exts=\toks33
\float@box=\box40
\@float@everytoks=\toks34
\@floatcapt=\box41
)
(/usr/share/texmf-dist/tex/latex/base/ifthen.sty
Package: ifthen 2001/05/26 v1.1c Standard LaTeX ifthen package (DPC)
)
\@float@every@algorithm=\toks35
\c@algorithm=\count116
)
(/usr/share/texmf-dist/tex/latex/algorithms/algorithmic.sty
Package: algorithmic 2009/08/24 v0.1 Document Style `algorithmic'
\c@ALC@unique=\count117
\c@ALC@line=\count118
\c@ALC@rem=\count119
\c@ALC@depth=\count120
\ALC@tlm=\skip63
\algorithmicindent=\skip64
)
(/usr/share/texmf-dist/tex/latex/hyperref/hyperref.sty
Package: hyperref 2012/11/06 v6.83m Hypertext links for LaTeX

(/usr/share/texmf-dist/tex/generic/oberdiek/hobsub-hyperref.sty
Package: hobsub-hyperref 2012/05/28 v1.13 Bundle oberdiek, subset hyperref (HO)


(/usr/share/texmf-dist/tex/generic/oberdiek/hobsub-generic.sty
Package: hobsub-generic 2012/05/28 v1.13 Bundle oberdiek, subset generic (HO)
Package: hobsub 2012/05/28 v1.13 Construct package bundles (HO)
Package hobsub Info: Skipping package `infwarerr' (already loaded).
Package hobsub Info: Skipping package `ltxcmds' (already loaded).
Package: ifluatex 2010/03/01 v1.3 Provides the ifluatex switch (HO)
Package ifluatex Info: LuaTeX not detected.
Package: ifvtex 2010/03/01 v1.5 Detect VTeX and its facilities (HO)
Package ifvtex Info: VTeX not detected.
Package: intcalc 2007/09/27 v1.1 Expandable calculations with integers (HO)
Package: ifpdf 2011/01/30 v2.3 Provides the ifpdf switch (HO)
Package ifpdf Info: pdfTeX in PDF mode is detected.
Package: etexcmds 2011/02/16 v1.5 Avoid name clashes with e-TeX commands (HO)
Package etexcmds Info: Could not find \expanded.
(etexcmds)             That can mean that you are not using pdfTeX 1.50 or
(etexcmds)             that some package has redefined \expanded.
(etexcmds)             In the latter case, load this package earlier.
Package: kvsetkeys 2012/04/25 v1.16 Key value parser (HO)
Package: kvdefinekeys 2011/04/07 v1.3 Define keys (HO)
Package: pdftexcmds 2011/11/29 v0.20 Utility functions of pdfTeX for LuaTeX (HO
)
Package pdftexcmds Info: LuaTeX not detected.
Package pdftexcmds Info: \pdf@primitive is available.
Package pdftexcmds Info: \pdf@ifprimitive is available.
Package pdftexcmds Info: \pdfdraftmode found.
Package: pdfescape 2011/11/25 v1.13 Implements pdfTeX's escape features (HO)
Package: bigintcalc 2012/04/08 v1.3 Expandable calculations on big integers (HO
)
Package: bitset 2011/01/30 v1.1 Handle bit-vector datatype (HO)
Package: uniquecounter 2011/01/30 v1.2 Provide unlimited unique counter (HO)
)
Package hobsub Info: Skipping package `hobsub' (already loaded).
Package: letltxmacro 2010/09/02 v1.4 Let assignment for LaTeX macros (HO)
Package: hopatch 2012/05/28 v1.2 Wrapper for package hooks (HO)
Package: xcolor-patch 2011/01/30 xcolor patch
Package: atveryend 2011/06/30 v1.8 Hooks at the very end of document (HO)
Package atveryend Info: \enddocument detected (standard20110627).
Package: atbegshi 2011/10/05 v1.16 At begin shipout hook (HO)
Package: refcount 2011/10/16 v3.4 Data extraction from label references (HO)
Package: hycolor 2011/01/30 v1.7 Color options for hyperref/bookmark (HO)
)
(/usr/share/texmf-dist/tex/generic/ifxetex/ifxetex.sty
Package: ifxetex 2010/09/12 v0.6 Provides ifxetex conditional
)
(/usr/share/texmf-dist/tex/latex/oberdiek/auxhook.sty
Package: auxhook 2011/03/04 v1.3 Hooks for auxiliary files (HO)
)
(/usr/share/texmf-dist/tex/latex/oberdiek/kvoptions.sty
Package: kvoptions 2011/06/30 v3.11 Key value format for package options (HO)
)
\@linkdim=\dimen165
\Hy@linkcounter=\count121
\Hy@pagecounter=\count122

(/usr/share/texmf-dist/tex/latex/hyperref/pd1enc.def
File: pd1enc.def 2012/11/06 v6.83m Hyperref: PDFDocEncoding definition (HO)
)
\Hy@SavedSpaceFactor=\count123

(/usr/share/texmf-dist/tex/latex/latexconfig/hyperref.cfg
File: hyperref.cfg 2002/06/06 v1.2 hyperref configuration of TeXLive
)
Package hyperref Info: Option `raiselinks' set `true' on input line 4319.
Package hyperref Info: Option `bookmarks' set `true' on input line 4319.
Package hyperref Info: Option `bookmarksopen' set `true' on input line 4319.
Package hyperref Info: Option `bookmarksnumbered' set `true' on input line 4319
.
Package hyperref Info: Option `hyperindex' set `true' on input line 4319.
Package hyperref Info: Option `plainpages' set `false' on input line 4319.
Package hyperref Info: Option `pdfpagelabels' set `true' on input line 4319.
Package hyperref Info: Option `colorlinks' set `false' on input line 4319.
Package hyperref Info: Hyper figures OFF on input line 4443.
Package hyperref Info: Link nesting OFF on input line 4448.
Package hyperref Info: Hyper index ON on input line 4451.
Package hyperref Info: Plain pages OFF on input line 4458.
Package hyperref Info: Backreferencing OFF on input line 4463.
Package hyperref Info: Implicit mode ON; LaTeX internals redefined.
Package hyperref Info: Bookmarks ON on input line 4688.
\c@Hy@tempcnt=\count124
LaTeX Info: Redefining \url on input line 5041.
\XeTeXLinkMargin=\dimen166
\Fld@menulength=\count125
\Field@Width=\dimen167
\Fld@charsize=\dimen168
Package hyperref Info: Hyper figures OFF on input line 6295.
Package hyperref Info: Link nesting OFF on input line 6300.
Package hyperref Info: Hyper index ON on input line 6303.
Package hyperref Info: backreferencing OFF on input line 6310.
Package hyperref Info: Link coloring OFF on input line 6315.
Package hyperref Info: Link coloring with OCG OFF on input line 6320.
Package hyperref Info: PDF/A mode OFF on input line 6325.
LaTeX Info: Redefining \ref on input line 6365.
LaTeX Info: Redefining \pageref on input line 6369.
\Hy@abspage=\count126
\c@Item=\count127
\c@Hfootnote=\count128
)

Package hyperref Message: Driver (autodetected): hpdftex.

(/usr/share/texmf-dist/tex/latex/hyperref/hpdftex.def
File: hpdftex.def 2012/11/06 v6.83m Hyperref driver for pdfTeX
\Fld@listcount=\count129
\c@bookmark@seq@number=\count130

(/usr/share/texmf-dist/tex/latex/oberdiek/rerunfilecheck.sty
Package: rerunfilecheck 2011/04/15 v1.7 Rerun checks for auxiliary files (HO)
Package uniquecounter Info: New unique counter `rerunfilecheck' on input line 2
82.
)
\Hy@SectionHShift=\skip65
)
(/usr/share/texmf-dist/tex/latex/babelbib/babelbib.sty
Package: babelbib 2012/01/03 v1.31 babelbib: multilingual bibliographies (HH)
\c@btxromaniannumeral=\count131
)
\chapnolen=\skip66
\chapparlen=\skip67
\chapno=\box42
)
(/usr/share/texmf-dist/tex/latex/spreadtab/spreadtab.sty
Package: spreadtab 2012/05/13 v0.4b Spreadsheet features for table environments


(/usr/share/texmf-dist/tex/latex/fp/fp.sty
Package: fp 1995/04/02

`Fixed Point Package', Version 0.8, April 2, 1995 (C) Michael Mehlich
(/usr/share/texmf-dist/tex/latex/fp/defpattern.sty
Package: defpattern 1994/10/12
\actioncount=\count132
)
(/usr/share/texmf-dist/tex/latex/fp/fp-basic.sty
Package: fp-basic 1996/05/13
\FP@xs=\count133
\FP@xia=\count134
\FP@xib=\count135
\FP@xfa=\count136
\FP@xfb=\count137
\FP@rega=\count138
\FP@regb=\count139
\FP@regs=\count140
\FP@times=\count141
)
(/usr/share/texmf-dist/tex/latex/fp/fp-addons.sty
Package: fp-addons 1995/03/15
)
(/usr/share/texmf-dist/tex/latex/fp/fp-snap.sty
Package: fp-snap 1995/04/05
)
(/usr/share/texmf-dist/tex/latex/fp/fp-exp.sty
Package: fp-exp 1995/04/03
)
(/usr/share/texmf-dist/tex/latex/fp/fp-trigo.sty
Package: fp-trigo 1995/04/14
)
(/usr/share/texmf-dist/tex/latex/fp/fp-pas.sty
Package: fp-pas 1994/08/29
)
(/usr/share/texmf-dist/tex/latex/fp/fp-random.sty
Package: fp-random 1995/02/23
\FPseed=\count142
)
(/usr/share/texmf-dist/tex/latex/fp/fp-eqn.sty
Package: fp-eqn 1995/04/03
)
(/usr/share/texmf-dist/tex/latex/fp/fp-upn.sty
Package: fp-upn 1996/10/21
)
(/usr/share/texmf-dist/tex/latex/fp/fp-eval.sty
Package: fp-eval 1995/04/03
))
(/usr/share/texmf-dist/tex/generic/xstring/xstring.sty
(/usr/share/texmf-dist/tex/generic/xstring/xstring.tex
\@xs@message=\write4
\integerpart=\count143
\decimalpart=\count144
)
Package: xstring 2013/10/13  v1.7c  String manipulations (C Tellechea)
)
\ST@count=\count145
\ST@colcount=\count146
\ST@colcount@i=\count147
\ST@rowcount=\count148
\ST@rowcount@i=\count149
\ST@intpart=\count150
)
(/usr/share/texmf-dist/tex/latex/amscls/amsthm.sty
Package: amsthm 2004/08/06 v2.20
\thm@style=\toks36
\thm@bodyfont=\toks37
\thm@headfont=\toks38
\thm@notefont=\toks39
\thm@headpunct=\toks40
\thm@preskip=\skip68
\thm@postskip=\skip69
\thm@headsep=\skip70
\dth@everypar=\toks41
)
(/usr/share/texmf-dist/tex/latex/oberdiek/pdflscape.sty
Package: pdflscape 2008/08/11 v0.10 Display of landscape pages in PDF (HO)

(/usr/share/texmf-dist/tex/latex/graphics/lscape.sty
Package: lscape 2000/10/22 v3.01 Landscape Pages (DPC)
)
Package pdflscape Info: Auto-detected driver: pdftex on input line 80.
)
(/usr/share/texmf-dist/tex/latex/booktabs/booktabs.sty
Package: booktabs 2005/04/14 v1.61803 publication quality tables
\heavyrulewidth=\dimen169
\lightrulewidth=\dimen170
\cmidrulewidth=\dimen171
\belowrulesep=\dimen172
\belowbottomsep=\dimen173
\aboverulesep=\dimen174
\abovetopsep=\dimen175
\cmidrulesep=\dimen176
\cmidrulekern=\dimen177
\defaultaddspace=\dimen178
\@cmidla=\count151
\@cmidlb=\count152
\@aboverulesep=\dimen179
\@belowrulesep=\dimen180
\@thisruleclass=\count153
\@lastruleclass=\count154
\@thisrulewidth=\dimen181
)
(/usr/share/texmf-dist/tex/latex/multirow/multirow.sty
\bigstrutjot=\dimen182
)
(/usr/share/texmf-dist/tex/latex/framed/framed.sty
Package: framed 2011/10/22 v 0.96: framed or shaded text with page breaks
\OuterFrameSep=\skip71
\fb@frw=\dimen183
\fb@frh=\dimen184
\FrameRule=\dimen185
\FrameSep=\dimen186
)
(/usr/share/texmf-dist/tex/latex/listings/listings.sty
\lst@mode=\count155
\lst@gtempboxa=\box43
\lst@token=\toks42
\lst@length=\count156
\lst@currlwidth=\dimen187
\lst@column=\count157
\lst@pos=\count158
\lst@lostspace=\dimen188
\lst@width=\dimen189
\lst@newlines=\count159
\lst@lineno=\count160
\lst@maxwidth=\dimen190

(/usr/share/texmf-dist/tex/latex/listings/lstmisc.sty
File: lstmisc.sty 2013/08/26 1.5b (Carsten Heinz)
\c@lstnumber=\count161
\lst@skipnumbers=\count162
\lst@framebox=\box44
)
(/usr/share/texmf-dist/tex/latex/listings/listings.cfg
File: listings.cfg 2013/08/26 1.5b listings configuration
))
Package: listings 2013/08/26 1.5b (Carsten Heinz)

(/usr/share/texmf-dist/tex/latex/fancyvrb/fancyvrb.sty
Package: fancyvrb 2008/02/07

Style option: `fancyvrb' v2.7a, with DG/SPQR fixes, and firstline=lastline fix 
<2008/02/07> (tvz)
\FV@CodeLineNo=\count163
\FV@InFile=\read2
\FV@TabBox=\box45
\c@FancyVerbLine=\count164
\FV@StepNumber=\count165
\FV@OutFile=\write5
) (/usr/share/texmf-dist/tex/latex/amsmath/amsmath.sty
Package: amsmath 2013/01/14 v2.14 AMS math features
\@mathmargin=\skip72

For additional information on amsmath, use the `?' option.
(/usr/share/texmf-dist/tex/latex/amsmath/amstext.sty
Package: amstext 2000/06/29 v2.01

(/usr/share/texmf-dist/tex/latex/amsmath/amsgen.sty
File: amsgen.sty 1999/11/30 v2.0
\@emptytoks=\toks43
\ex@=\dimen191
))
(/usr/share/texmf-dist/tex/latex/amsmath/amsbsy.sty
Package: amsbsy 1999/11/29 v1.2d
\pmbraise@=\dimen192
)
(/usr/share/texmf-dist/tex/latex/amsmath/amsopn.sty
Package: amsopn 1999/12/14 v2.01 operator names
)
\inf@bad=\count166
LaTeX Info: Redefining \frac on input line 210.
\uproot@=\count167
\leftroot@=\count168
LaTeX Info: Redefining \overline on input line 306.
\classnum@=\count169
\DOTSCASE@=\count170
LaTeX Info: Redefining \ldots on input line 378.
LaTeX Info: Redefining \dots on input line 381.
LaTeX Info: Redefining \cdots on input line 466.
\Mathstrutbox@=\box46
\strutbox@=\box47
\big@size=\dimen193
LaTeX Font Info:    Redeclaring font encoding OML on input line 566.
LaTeX Font Info:    Redeclaring font encoding OMS on input line 567.
\macc@depth=\count171
\c@MaxMatrixCols=\count172
\dotsspace@=\muskip11
\c@parentequation=\count173
\dspbrk@lvl=\count174
\tag@help=\toks44
\row@=\count175
\column@=\count176
\maxfields@=\count177
\andhelp@=\toks45
\eqnshift@=\dimen194
\alignsep@=\dimen195
\tagshift@=\dimen196
\tagwidth@=\dimen197
\totwidth@=\dimen198
\lineht@=\dimen199
\@envbody=\toks46
\multlinegap=\skip73
\multlinetaggap=\skip74
\mathdisplay@stack=\toks47
LaTeX Info: Redefining \[ on input line 2665.
LaTeX Info: Redefining \] on input line 2666.
)
(/usr/share/texmf-dist/tex/latex/verbatimbox/verbatimbox.sty
Package: verbatimbox 2014/02/24 v3.12 Routines for placing verbatim text into b
oxes, useful in places where the verbatim environment is inaccessible. Secondar
ily, for adding vertical buffer around an object.

(/usr/share/texmf-dist/tex/latex/tools/verbatim.sty
Package: verbatim 2003/08/22 v1.5q LaTeX2e package for verbatim enhancements
\every@verbatim=\toks48
\verbatim@line=\toks49
\verbatim@in@stream=\read3
)
(/usr/share/texmf-dist/tex/latex/readarray/readarray.sty
Package: readarray 2013/05/09 v1.2 Routines for inputting array data and recall
ing it on an element-by-element basis. Currently supports 2-D and 3-D array

(/usr/share/texmf-dist/tex/latex/ifnextok/ifnextok.sty
Package: ifnextok 2011/06/27 v0.3 test next token (UL)
)
\c@@index=\count178
\c@@plane=\count179
\c@@row=\count180
\c@@col=\count181
\c@use@args=\count182
\c@@record=\count183
\c@arg@index=\count184
\c@break@count=\count185
)
\savedverbbox=\box48
\c@VerbboxLineNo=\count186
\boxtopsep=\dimen200
\boxbottomsep=\dimen201
\ps@tempdima=\dimen202
\ps@tempboxa=\box49
\boxtop@sep=\skip75
\boxbottom@sep=\skip76
)
(/usr/share/texmf-dist/tex/generic/pgf/frontendlayer/tikz/libraries/tikzlibrary
arrows.code.tex
File: tikzlibraryarrows.code.tex 2008/01/09 v3.0.0 (rcs-revision 1.1)

(/usr/share/texmf-dist/tex/generic/pgf/libraries/pgflibraryarrows.code.tex
File: pgflibraryarrows.code.tex 2013/09/23 v3.0.0 (rcs-revision 1.16)
\arrowsize=\dimen203
))
(/usr/share/texmf-dist/tex/generic/pgf/frontendlayer/tikz/libraries/tikzlibrary
trees.code.tex
File: tikzlibrarytrees.code.tex 2008/02/24 v3.0.0 (rcs-revision 1.2)
)
(/usr/share/texmf-dist/tex/generic/pgf/frontendlayer/tikz/libraries/tikzlibrary
positioning.code.tex
File: tikzlibrarypositioning.code.tex 2008/10/06 v3.0.0 (rcs-revision 1.7)
) (/usr/share/texmf-dist/tex/latex/cjk/texinput/CJK.sty
Package: CJK 2012/05/07 4.8.3

(/usr/share/texmf-dist/tex/latex/cjk/texinput/mule/MULEenc.sty
Package: MULEenc 2012/05/07 4.8.3
)
(/usr/share/texmf-dist/tex/latex/cjk/texinput/CJK.enc
File: CJK.enc 2012/05/07 4.8.3
)
LaTeX Info: Redefining \selectfont on input line 755.
\CJK@indent=\box50
)
\c@example=\count187

(/usr/share/texmf-dist/tex/latex/tools/array.sty
Package: array 2008/09/09 v2.4c Tabular extension package (FMi)
\col@sep=\dimen204
\extrarowheight=\dimen205
\NC@list=\toks50
\extratabsurround=\skip77
\backup@length=\skip78
) (./thesis.aux
(./titlepage.aux) (./abstract.aux) (./declaration.aux))
\openout1 = `thesis.aux'.

LaTeX Font Info:    Checking defaults for OML/cmm/m/it on input line 141.
LaTeX Font Info:    ... okay on input line 141.
LaTeX Font Info:    Checking defaults for T1/cmr/m/n on input line 141.
LaTeX Font Info:    ... okay on input line 141.
LaTeX Font Info:    Checking defaults for OT1/cmr/m/n on input line 141.
LaTeX Font Info:    ... okay on input line 141.
LaTeX Font Info:    Checking defaults for OMS/cmsy/m/n on input line 141.
LaTeX Font Info:    ... okay on input line 141.
LaTeX Font Info:    Checking defaults for OMX/cmex/m/n on input line 141.
LaTeX Font Info:    ... okay on input line 141.
LaTeX Font Info:    Checking defaults for U/cmr/m/n on input line 141.
LaTeX Font Info:    ... okay on input line 141.
LaTeX Font Info:    Checking defaults for PD1/pdf/m/n on input line 141.
LaTeX Font Info:    ... okay on input line 141.
LaTeX Font Info:    Checking defaults for C00/song/m/n on input line 141.
LaTeX Font Info:    ... okay on input line 141.
LaTeX Font Info:    Checking defaults for C05/song/m/n on input line 141.
LaTeX Font Info:    ... okay on input line 141.
LaTeX Font Info:    Checking defaults for C09/song/m/n on input line 141.
LaTeX Font Info:    ... okay on input line 141.
LaTeX Font Info:    Checking defaults for C10/song/m/n on input line 141.
LaTeX Font Info:    ... okay on input line 141.
LaTeX Font Info:    Checking defaults for C20/song/m/n on input line 141.
LaTeX Font Info:    ... okay on input line 141.
LaTeX Font Info:    Checking defaults for C19/song/m/n on input line 141.
LaTeX Font Info:    ... okay on input line 141.
LaTeX Font Info:    Checking defaults for C40/song/m/n on input line 141.
LaTeX Font Info:    ... okay on input line 141.
LaTeX Font Info:    Checking defaults for C42/song/m/n on input line 141.
LaTeX Font Info:    ... okay on input line 141.
LaTeX Font Info:    Checking defaults for C43/song/m/n on input line 141.
LaTeX Font Info:    ... okay on input line 141.
LaTeX Font Info:    Checking defaults for C50/song/m/n on input line 141.
LaTeX Font Info:    ... okay on input line 141.
LaTeX Font Info:    Checking defaults for C52/song/m/n on input line 141.
LaTeX Font Info:    ... okay on input line 141.
LaTeX Font Info:    Checking defaults for C49/song/m/n on input line 141.
LaTeX Font Info:    ... okay on input line 141.
LaTeX Font Info:    Checking defaults for C60/mj/m/n on input line 141.
LaTeX Font Info:    ... okay on input line 141.
LaTeX Font Info:    Checking defaults for C61/mj/m/n on input line 141.
LaTeX Font Info:    ... okay on input line 141.
LaTeX Font Info:    Checking defaults for C63/mj/m/n on input line 141.
LaTeX Font Info:    ... okay on input line 141.
LaTeX Font Info:    Checking defaults for C64/mj/m/n on input line 141.
LaTeX Font Info:    ... okay on input line 141.
LaTeX Font Info:    Checking defaults for C65/mj/m/n on input line 141.
LaTeX Font Info:    ... okay on input line 141.
LaTeX Font Info:    Checking defaults for C70/song/m/n on input line 141.
LaTeX Font Info:    ... okay on input line 141.
LaTeX Font Info:    Checking defaults for C31/song/m/n on input line 141.
LaTeX Font Info:    ... okay on input line 141.
LaTeX Font Info:    Checking defaults for C32/song/m/n on input line 141.
LaTeX Font Info:    ... okay on input line 141.
LaTeX Font Info:    Checking defaults for C33/song/m/n on input line 141.
LaTeX Font Info:    ... okay on input line 141.
LaTeX Font Info:    Checking defaults for C34/song/m/n on input line 141.
LaTeX Font Info:    ... okay on input line 141.
LaTeX Font Info:    Checking defaults for C35/song/m/n on input line 141.
LaTeX Font Info:    ... okay on input line 141.
LaTeX Font Info:    Checking defaults for C36/song/m/n on input line 141.
LaTeX Font Info:    ... okay on input line 141.
LaTeX Font Info:    Checking defaults for C37/song/m/n on input line 141.
LaTeX Font Info:    ... okay on input line 141.
LaTeX Font Info:    Checking defaults for C80/song/m/n on input line 141.
LaTeX Font Info:    ... okay on input line 141.
LaTeX Font Info:    Checking defaults for C81/song/m/n on input line 141.
LaTeX Font Info:    ... okay on input line 141.
LaTeX Font Info:    Checking defaults for C01/song/m/n on input line 141.
LaTeX Font Info:    ... okay on input line 141.
LaTeX Font Info:    Checking defaults for C11/song/m/n on input line 141.
LaTeX Font Info:    ... okay on input line 141.
LaTeX Font Info:    Checking defaults for C21/song/m/n on input line 141.
LaTeX Font Info:    ... okay on input line 141.
LaTeX Font Info:    Checking defaults for C41/song/m/n on input line 141.
LaTeX Font Info:    ... okay on input line 141.
LaTeX Font Info:    Checking defaults for C62/song/m/n on input line 141.
LaTeX Font Info:    ... okay on input line 141.

(/usr/share/texmf-dist/tex/latex/ucs/ucsencs.def
File: ucsencs.def 2011/01/21 Fixes to fontencodings LGR, T3
)
(/usr/share/texmf-dist/tex/context/base/supp-pdf.mkii
[Loading MPS to PDF converter (version 2006.09.02).]
\scratchcounter=\count188
\scratchdimen=\dimen206
\scratchbox=\box51
\nofMPsegments=\count189
\nofMParguments=\count190
\everyMPshowfont=\toks51
\MPscratchCnt=\count191
\MPscratchDim=\dimen207
\MPnumerator=\count192
\makeMPintoPDFobject=\count193
\everyMPtoPDFconversion=\toks52
) (/usr/share/texmf-dist/tex/latex/oberdiek/epstopdf-base.sty
Package: epstopdf-base 2010/02/09 v2.5 Base part for package epstopdf

(/usr/share/texmf-dist/tex/latex/oberdiek/grfext.sty
Package: grfext 2010/08/19 v1.1 Manage graphics extensions (HO)
)
Package grfext Info: Graphics extension search list:
(grfext)             [.svg,.eps]
(grfext)             \AppendGraphicsExtensions on input line 452.

(/usr/share/texmf-dist/tex/latex/latexconfig/epstopdf-sys.cfg
File: epstopdf-sys.cfg 2010/07/13 v1.3 Configuration of (r)epstopdf for TeX Liv
e
))
ABD: EveryShipout initializing macros
\AtBeginShipoutBox=\box52
Package hyperref Info: Link coloring OFF on input line 141.

(/usr/share/texmf-dist/tex/latex/hyperref/nameref.sty
Package: nameref 2012/10/27 v2.43 Cross-referencing by name of section

(/usr/share/texmf-dist/tex/generic/oberdiek/gettitlestring.sty
Package: gettitlestring 2010/12/03 v1.4 Cleanup title references (HO)
)
\c@section@level=\count194
)
LaTeX Info: Redefining \ref on input line 141.
LaTeX Info: Redefining \pageref on input line 141.
LaTeX Info: Redefining \nameref on input line 141.
 (./thesis.out) (./thesis.out)
\@outlinefile=\write6
\openout6 = `thesis.out'.


babelbib: Set bibliography fall-back language to ngerman
(/usr/share/texmf-dist/tex/latex/babelbib/english.bdf
File: english.bdf 2012/01/03 v1.31 babelbib: multilingual bibliographies (HH)

babelbib extension \btxifchangecaseon added to \extrasenglish
babelbib extension \btxifchangecaseon added to \extrasUSenglish
) (/usr/share/texmf-dist/tex/latex/babelbib/french.bdf
File: french.bdf 2012/01/03 v1.31 babelbib: multilingual bibliographies (HH)

babelbib extension \btxifchangecaseoff added to \extrasfrench
) (/usr/share/texmf-dist/tex/latex/babelbib/german.bdf
File: german.bdf 2012/01/03 v1.31 babelbib: multilingual bibliographies (HH)

babelbib extension \btxifchangecaseoff added to \extrasnaustrian
babelbib extension \btxifchangecaseoff added to \extrasngerman
)
babelbib: Load BibTeX extensions \bibsngerman for ngerman
babelbib: Set language for keywords in the bibliography fixed to ngerman
babelbib: Set language for keywords in the bibliography fixed to ngerman
\c@lstlisting=\count195
\openout2 = `titlepage.aux'.

(./titlepage.tex <logos/KITLogo_RGB.pdf, id=11, 196.46399pt x 90.77916pt>
File: logos/KITLogo_RGB.pdf Graphic file (type pdf)

<use logos/KITLogo_RGB.pdf>
Package pdftex.def Info: logos/KITLogo_RGB.pdf used on input line 24.
(pdftex.def)             Requested size: 112.15387pt x 51.82222pt.
LaTeX Font Info:    Try loading font information for T1+phv on input line 26.
 (/usr/share/texmf-dist/tex/latex/psnfss/t1phv.fd
File: t1phv.fd 2001/06/04 scalable font definitions for T1/phv.
)
LaTeX Font Info:    Font shape `T1/phv/bx/n' in size <12> not available
(Font)              Font shape `T1/phv/b/n' tried instead on input line 76.

[1






{/var/lib/texmf/fonts/map/pdftex/updmap/pdftex.map} <./logos/KITLogo_RGB.pdf>])
\openout2 = `abstract.aux'.

 (./abstract.tex [2




]) [3


]
\openout2 = `declaration.aux'.

 (./declaration.tex
Package epstopdf Info: Source file: <logos/signature.eps>
(epstopdf)                    date: 2014-08-03 23:23:09
(epstopdf)                    size: 86356 bytes
(epstopdf)             Output file: <logos/signature-eps-converted-to.pdf>
(epstopdf)                    date: 2014-08-03 23:30:14
(epstopdf)                    size: 23584 bytes
(epstopdf)             Command: <repstopdf --outfile=logos/signature-eps-conver
ted-to.pdf logos/signature.eps>
(epstopdf)             \includegraphics on input line 9.
Package epstopdf Info: Output file is already uptodate.

<logos/signature-eps-converted-to.pdf, id=31, 1155.31625pt x 474.77374pt>
File: logos/signature-eps-converted-to.pdf Graphic file (type pdf)

<use logos/signature-eps-converted-to.pdf>
Package pdftex.def Info: logos/signature-eps-converted-to.pdf used on input lin
e 9.
(pdftex.def)             Requested size: 57.7692pt x 23.74007pt.
) [4


 <./logos/signature-eps-converted-to.pdf>] (./thesis.toc
LaTeX Font Info:    Try loading font information for T1+aess on input line 1.
 (/usr/share/texmf-dist/tex/latex/ae/t1aess.fd
File: t1aess.fd 1997/11/16 Font definitions for T1/aess.
) [5



]
Runaway argument?
{\nonumberline \relax \unhbox \voidb@x \hbox {}\bgroup \catcode `\ \active \ETC
.
! Paragraph ended before \contentsline was complete.
<to be read again> 
                   \par 
l.43 ... a bug in a package file you are using\par
                                                   } \par \def \GenericInfo ...
I suspect you've forgotten a `}', causing me to apply this
control sequence to too much text. How can we recover?
My plan is to forget the whole thing and hope for the best.

! Extra }, or forgotten \endgroup.
l.43 ... bug in a package file you are using\par }
                                                   \par \def \GenericInfo { ...
I've deleted a group-closing symbol because it seems to be
spurious, as in `$x}$'. But perhaps the } is legitimate and
you forgot something else, as in `\hbox{$x}'. In such cases
the way to recover is to insert both the forgotten and the
deleted material, e.g., by typing `I$}'.

! Use of   doesn't match its definition.
l.43 ...g\par } \par \def \GenericInfo { }{LaTeX I
                                                  nfo: Active EOL character ...
If you say, e.g., `\def\a1{...}', then you must always
put `1' after `\a', since control sequence names are
made up of letters only. The macro here has not been
followed by the required stuff, so I'm ignoring it.

! Use of   doesn't match its definition.
l.43 ...} \par \def \GenericInfo { }{LaTeX Info: A
                                                  ctive EOL character found ...
If you say, e.g., `\def\a1{...}', then you must always
put `1' after `\a', since control sequence names are
made up of letters only. The macro here has not been
followed by the required stuff, so I'm ignoring it.

! Use of   doesn't match its definition.
l.43 ...\def \GenericInfo { }{LaTeX Info: Active E
                                                  OL character found while o...
If you say, e.g., `\def\a1{...}', then you must always
put `1' after `\a', since control sequence names are
made up of letters only. The macro here has not been
followed by the required stuff, so I'm ignoring it.

! Use of   doesn't match its definition.
l.43 ... \GenericInfo { }{LaTeX Info: Active EOL c
                                                  haracter found while outpu...
If you say, e.g., `\def\a1{...}', then you must always
put `1' after `\a', since control sequence names are
made up of letters only. The macro here has not been
followed by the required stuff, so I'm ignoring it.

! Use of   doesn't match its definition.
l.43 ...nfo { }{LaTeX Info: Active EOL character f
                                                  ound while output routine ...
If you say, e.g., `\def\a1{...}', then you must always
put `1' after `\a', since control sequence names are
made up of letters only. The macro here has not been
followed by the required stuff, so I'm ignoring it.

! Use of   doesn't match its definition.
l.43 ...}{LaTeX Info: Active EOL character found w
                                                  hile output routine is act...
If you say, e.g., `\def\a1{...}', then you must always
put `1' after `\a', since control sequence names are
made up of letters only. The macro here has not been
followed by the required stuff, so I'm ignoring it.

! Use of   doesn't match its definition.
l.43 ...X Info: Active EOL character found while o
                                                  utput routine is active \M...
If you say, e.g., `\def\a1{...}', then you must always
put `1' after `\a', since control sequence names are
made up of letters only. The macro here has not been
followed by the required stuff, so I'm ignoring it.

! Use of   doesn't match its definition.
l.43 ... Active EOL character found while output r
                                                  outine is active \MessageB...
If you say, e.g., `\def\a1{...}', then you must always
put `1' after `\a', since control sequence names are
made up of letters only. The macro here has not been
followed by the required stuff, so I'm ignoring it.

! Use of   doesn't match its definition.
l.43 ...EOL character found while output routine i
                                                  s active \MessageBreak Thi...
If you say, e.g., `\def\a1{...}', then you must always
put `1' after `\a', since control sequence names are
made up of letters only. The macro here has not been
followed by the required stuff, so I'm ignoring it.

! Use of   doesn't match its definition.
l.43 ... character found while output routine is a
                                                  ctive \MessageBreak This m...
If you say, e.g., `\def\a1{...}', then you must always
put `1' after `\a', since control sequence names are
made up of letters only. The macro here has not been
followed by the required stuff, so I'm ignoring it.

! Use of   doesn't match its definition.
l.43 ...ile output routine is active \MessageBreak
                                                   This may be a bug in a pa...
If you say, e.g., `\def\a1{...}', then you must always
put `1' after `\a', since control sequence names are
made up of letters only. The macro here has not been
followed by the required stuff, so I'm ignoring it.

! Use of   doesn't match its definition.
l.43 ...e output routine is active \MessageBreak T
                                                  his may be a bug in a pack...
If you say, e.g., `\def\a1{...}', then you must always
put `1' after `\a', since control sequence names are
made up of letters only. The macro here has not been
followed by the required stuff, so I'm ignoring it.

! Use of   doesn't match its definition.
l.43 ...put routine is active \MessageBreak This m
                                                  ay be a bug in a package f...
If you say, e.g., `\def\a1{...}', then you must always
put `1' after `\a', since control sequence names are
made up of letters only. The macro here has not been
followed by the required stuff, so I'm ignoring it.

! Use of   doesn't match its definition.
l.43 ...routine is active \MessageBreak This may b
                                                  e a bug in a package file ...
If you say, e.g., `\def\a1{...}', then you must always
put `1' after `\a', since control sequence names are
made up of letters only. The macro here has not been
followed by the required stuff, so I'm ignoring it.

! Use of   doesn't match its definition.
l.43 ...tine is active \MessageBreak This may be a
                                                   bug in a package file you...
If you say, e.g., `\def\a1{...}', then you must always
put `1' after `\a', since control sequence names are
made up of letters only. The macro here has not been
followed by the required stuff, so I'm ignoring it.

! Use of   doesn't match its definition.
l.43 ...ne is active \MessageBreak This may be a b
                                                  ug in a package file you a...
If you say, e.g., `\def\a1{...}', then you must always
put `1' after `\a', since control sequence names are
made up of letters only. The macro here has not been
followed by the required stuff, so I'm ignoring it.

! Use of   doesn't match its definition.
l.43 ...s active \MessageBreak This may be a bug i
                                                  n a package file you are u...
If you say, e.g., `\def\a1{...}', then you must always
put `1' after `\a', since control sequence names are
made up of letters only. The macro here has not been
followed by the required stuff, so I'm ignoring it.

! Use of   doesn't match its definition.
l.43 ...ctive \MessageBreak This may be a bug in a
                                                   package file you are usin...
If you say, e.g., `\def\a1{...}', then you must always
put `1' after `\a', since control sequence names are
made up of letters only. The macro here has not been
followed by the required stuff, so I'm ignoring it.

! Use of   doesn't match its definition.
l.43 ...ive \MessageBreak This may be a bug in a p
                                                  ackage file you are using\...
If you say, e.g., `\def\a1{...}', then you must always
put `1' after `\a', since control sequence names are
made up of letters only. The macro here has not been
followed by the required stuff, so I'm ignoring it.

! Use of   doesn't match its definition.
l.43 ...sageBreak This may be a bug in a package f
                                                  ile you are using\par } {\...
If you say, e.g., `\def\a1{...}', then you must always
put `1' after `\a', since control sequence names are
made up of letters only. The macro here has not been
followed by the required stuff, so I'm ignoring it.

! Use of   doesn't match its definition.
l.43 ...reak This may be a bug in a package file y
                                                  ou are using\par } {\globa...
If you say, e.g., `\def\a1{...}', then you must always
put `1' after `\a', since control sequence names are
made up of letters only. The macro here has not been
followed by the required stuff, so I'm ignoring it.

! Use of   doesn't match its definition.
l.43 ... This may be a bug in a package file you a
                                                  re using\par } {\global \l...
If you say, e.g., `\def\a1{...}', then you must always
put `1' after `\a', since control sequence names are
made up of letters only. The macro here has not been
followed by the required stuff, so I'm ignoring it.

! Use of   doesn't match its definition.
l.43 ...s may be a bug in a package file you are u
                                                  sing\par } {\global \let \...
If you say, e.g., `\def\a1{...}', then you must always
put `1' after `\a', since control sequence names are
made up of letters only. The macro here has not been
followed by the required stuff, so I'm ignoring it.

! Use of   doesn't match its definition.
l.43 ... bug in a package file you are using\par }
                                                   {\global \let \egroup \Ge...
If you say, e.g., `\def\a1{...}', then you must always
put `1' after `\a', since control sequence names are
made up of letters only. The macro here has not been
followed by the required stuff, so I'm ignoring it.

! Use of   doesn't match its definition.
l.43 ...ug in a package file you are using\par } {
                                                  \global \let \egroup \Gene...
If you say, e.g., `\def\a1{...}', then you must always
put `1' after `\a', since control sequence names are
made up of letters only. The macro here has not been
followed by the required stuff, so I'm ignoring it.

! Use of   doesn't match its definition.
l.43 ...age file you are using\par } {\global \let
                                                   \egroup \GenericError { }...
If you say, e.g., `\def\a1{...}', then you must always
put `1' after `\a', since control sequence names are
made up of letters only. The macro here has not been
followed by the required stuff, so I'm ignoring it.

! Use of   doesn't match its definition.
l.43 ... you are using\par } {\global \let \egroup
                                                   \GenericError { }{LaTeX E...
If you say, e.g., `\def\a1{...}', then you must always
put `1' after `\a', since control sequence names are
made up of letters only. The macro here has not been
followed by the required stuff, so I'm ignoring it.

! Use of   doesn't match its definition.
l.43 ...\par } {\global \let \egroup \GenericError
                                                   { }{LaTeX Error: \verb en...
If you say, e.g., `\def\a1{...}', then you must always
put `1' after `\a', since control sequence names are
made up of letters only. The macro here has not been
followed by the required stuff, so I'm ignoring it.

! Use of   doesn't match its definition.
l.43 ...ar } {\global \let \egroup \GenericError {
                                                   }{LaTeX Error: \verb ende...
If you say, e.g., `\def\a1{...}', then you must always
put `1' after `\a', since control sequence names are
made up of letters only. The macro here has not been
followed by the required stuff, so I'm ignoring it.

! Use of   doesn't match its definition.
l.43 ... } {\global \let \egroup \GenericError { }
                                                  {LaTeX Error: \verb ended ...
If you say, e.g., `\def\a1{...}', then you must always
put `1' after `\a', since control sequence names are
made up of letters only. The macro here has not been
followed by the required stuff, so I'm ignoring it.

! You can't use a prefix with `begin-group character {'.
<to be read again> 
                   {
l.43 ...} {\global \let \egroup \GenericError { }{
                                                  LaTeX Error: \verb ended b...
I'll pretend you didn't say \long or \outer or \global or \protected.

! Use of   doesn't match its definition.
l.43 ...bal \let \egroup \GenericError { }{LaTeX E
                                                  rror: \verb ended by end o...
If you say, e.g., `\def\a1{...}', then you must always
put `1' after `\a', since control sequence names are
made up of letters only. The macro here has not been
followed by the required stuff, so I'm ignoring it.

! Use of   doesn't match its definition.
l.43 ...group \GenericError { }{LaTeX Error: \verb
                                                   ended by end of line}{See...
If you say, e.g., `\def\a1{...}', then you must always
put `1' after `\a', since control sequence names are
made up of letters only. The macro here has not been
followed by the required stuff, so I'm ignoring it.

! Use of   doesn't match its definition.
l.43 ...oup \GenericError { }{LaTeX Error: \verb e
                                                  nded by end of line}{See t...
If you say, e.g., `\def\a1{...}', then you must always
put `1' after `\a', since control sequence names are
made up of letters only. The macro here has not been
followed by the required stuff, so I'm ignoring it.

! Use of   doesn't match its definition.
l.43 ...enericError { }{LaTeX Error: \verb ended b
                                                  y end of line}{See the LaT...
If you say, e.g., `\def\a1{...}', then you must always
put `1' after `\a', since control sequence names are
made up of letters only. The macro here has not been
followed by the required stuff, so I'm ignoring it.

! Use of   doesn't match its definition.
l.43 ...ricError { }{LaTeX Error: \verb ended by e
                                                  nd of line}{See the LaTeX ...
If you say, e.g., `\def\a1{...}', then you must always
put `1' after `\a', since control sequence names are
made up of letters only. The macro here has not been
followed by the required stuff, so I'm ignoring it.

! Use of   doesn't match its definition.
l.43 ...rror { }{LaTeX Error: \verb ended by end o
                                                  f line}{See the LaTeX manu...
If you say, e.g., `\def\a1{...}', then you must always
put `1' after `\a', since control sequence names are
made up of letters only. The macro here has not been
followed by the required stuff, so I'm ignoring it.

! Use of   doesn't match its definition.
l.43 ...r { }{LaTeX Error: \verb ended by end of l
                                                  ine}{See the LaTeX manual ...
If you say, e.g., `\def\a1{...}', then you must always
put `1' after `\a', since control sequence names are
made up of letters only. The macro here has not been
followed by the required stuff, so I'm ignoring it.

! Use of   doesn't match its definition.
l.43 ...X Error: \verb ended by end of line}{See t
                                                  he LaTeX manual or LaTeX C...
If you say, e.g., `\def\a1{...}', then you must always
put `1' after `\a', since control sequence names are
made up of letters only. The macro here has not been
followed by the required stuff, so I'm ignoring it.

! Use of   doesn't match its definition.
l.43 ...ror: \verb ended by end of line}{See the L
                                                  aTeX manual or LaTeX Compa...
If you say, e.g., `\def\a1{...}', then you must always
put `1' after `\a', since control sequence names are
made up of letters only. The macro here has not been
followed by the required stuff, so I'm ignoring it.

! Use of   doesn't match its definition.
l.43 ...verb ended by end of line}{See the LaTeX m
                                                  anual or LaTeX Companion f...
If you say, e.g., `\def\a1{...}', then you must always
put `1' after `\a', since control sequence names are
made up of letters only. The macro here has not been
followed by the required stuff, so I'm ignoring it.

! Use of   doesn't match its definition.
l.43 ...ded by end of line}{See the LaTeX manual o
                                                  r LaTeX Companion for expl...
If you say, e.g., `\def\a1{...}', then you must always
put `1' after `\a', since control sequence names are
made up of letters only. The macro here has not been
followed by the required stuff, so I'm ignoring it.

! Use of   doesn't match its definition.
l.43 ... by end of line}{See the LaTeX manual or L
                                                  aTeX Companion for explana...
If you say, e.g., `\def\a1{...}', then you must always
put `1' after `\a', since control sequence names are
made up of letters only. The macro here has not been
followed by the required stuff, so I'm ignoring it.

! Use of   doesn't match its definition.
l.43 ...d of line}{See the LaTeX manual or LaTeX C
                                                  ompanion for explanation.}...
If you say, e.g., `\def\a1{...}', then you must always
put `1' after `\a', since control sequence names are
made up of letters only. The macro here has not been
followed by the required stuff, so I'm ignoring it.

! Use of   doesn't match its definition.
l.43 ...{See the LaTeX manual or LaTeX Companion f
                                                  or explanation.}{Try typin...
If you say, e.g., `\def\a1{...}', then you must always
put `1' after `\a', since control sequence names are
made up of letters only. The macro here has not been
followed by the required stuff, so I'm ignoring it.

! Use of   doesn't match its definition.
l.43 ... the LaTeX manual or LaTeX Companion for e
                                                  xplanation.}{Try typing <r...
If you say, e.g., `\def\a1{...}', then you must always
put `1' after `\a', since control sequence names are
made up of letters only. The macro here has not been
followed by the required stuff, so I'm ignoring it.

! Use of   doesn't match its definition.
l.43 ...or LaTeX Companion for explanation.}{Try t
                                                  yping <return> to proceed....
If you say, e.g., `\def\a1{...}', then you must always
put `1' after `\a', since control sequence names are
made up of letters only. The macro here has not been
followed by the required stuff, so I'm ignoring it.

! Use of   doesn't match its definition.
l.43 ...X Companion for explanation.}{Try typing <
                                                  return> to proceed.\Messag...
If you say, e.g., `\def\a1{...}', then you must always
put `1' after `\a', since control sequence names are
made up of letters only. The macro here has not been
followed by the required stuff, so I'm ignoring it.

! Use of   doesn't match its definition.
l.43 ...on for explanation.}{Try typing <return> t
                                                  o proceed.\MessageBreak If...
If you say, e.g., `\def\a1{...}', then you must always
put `1' after `\a', since control sequence names are
made up of letters only. The macro here has not been
followed by the required stuff, so I'm ignoring it.

! Use of   doesn't match its definition.
l.43 ...for explanation.}{Try typing <return> to p
                                                  roceed.\MessageBreak If th...
If you say, e.g., `\def\a1{...}', then you must always
put `1' after `\a', since control sequence names are
made up of letters only. The macro here has not been
followed by the required stuff, so I'm ignoring it.

! Use of   doesn't match its definition.
l.43 ...typing <return> to proceed.\MessageBreak I
                                                  f that doesn't work, type ...
If you say, e.g., `\def\a1{...}', then you must always
put `1' after `\a', since control sequence names are
made up of letters only. The macro here has not been
followed by the required stuff, so I'm ignoring it.

! Use of   doesn't match its definition.
l.43 ...ing <return> to proceed.\MessageBreak If t
                                                  hat doesn't work, type X <...
If you say, e.g., `\def\a1{...}', then you must always
put `1' after `\a', since control sequence names are
made up of letters only. The macro here has not been
followed by the required stuff, so I'm ignoring it.

! Use of   doesn't match its definition.
l.43 ...return> to proceed.\MessageBreak If that d
                                                  oesn't work, type X <retur...
If you say, e.g., `\def\a1{...}', then you must always
put `1' after `\a', since control sequence names are
made up of letters only. The macro here has not been
followed by the required stuff, so I'm ignoring it.

! Use of   doesn't match its definition.
l.43 ...to proceed.\MessageBreak If that doesn't w
                                                  ork, type X <return> to qu...
If you say, e.g., `\def\a1{...}', then you must always
put `1' after `\a', since control sequence names are
made up of letters only. The macro here has not been
followed by the required stuff, so I'm ignoring it.

! Use of   doesn't match its definition.
l.43 ...ceed.\MessageBreak If that doesn't work, t
                                                  ype X <return> to quit.}}\...
If you say, e.g., `\def\a1{...}', then you must always
put `1' after `\a', since control sequence names are
made up of letters only. The macro here has not been
followed by the required stuff, so I'm ignoring it.

! Use of   doesn't match its definition.
l.43 ...\MessageBreak If that doesn't work, type X
                                                   <return> to quit.}}\let \...
If you say, e.g., `\def\a1{...}', then you must always
put `1' after `\a', since control sequence names are
made up of letters only. The macro here has not been
followed by the required stuff, so I'm ignoring it.

! Use of   doesn't match its definition.
l.43 ...essageBreak If that doesn't work, type X <
                                                  return> to quit.}}\let \do...
If you say, e.g., `\def\a1{...}', then you must always
put `1' after `\a', since control sequence names are
made up of letters only. The macro here has not been
followed by the required stuff, so I'm ignoring it.

! Use of   doesn't match its definition.
l.43 ...ak If that doesn't work, type X <return> t
                                                  o quit.}}\let \do \catcode...
If you say, e.g., `\def\a1{...}', then you must always
put `1' after `\a', since control sequence names are
made up of letters only. The macro here has not been
followed by the required stuff, so I'm ignoring it.

! Use of   doesn't match its definition.
l.43 ...If that doesn't work, type X <return> to q
                                                  uit.}}\let \do \catcode `\...
If you say, e.g., `\def\a1{...}', then you must always
put `1' after `\a', since control sequence names are
made up of letters only. The macro here has not been
followed by the required stuff, so I'm ignoring it.

! Improper alphabetic constant.
<to be read again> 
                   \do 
l.43 ... <return> to quit.}}\let \do \catcode `\do
                                                   \ \do \let \reserved@e \r...
A one-character control sequence belongs after a ` mark.
So I'm essentially inserting \0 here.

! Missing number, treated as zero.
<to be read again> 
                   \ 
l.43 ...eturn> to quit.}}\let \do \catcode `\do \ 
                                                  \do \let \reserved@e \rela...
A number should have been here; I inserted `0'.
(If you can't figure out why I needed to see a number,
look up `weird error' in the index to The TeXbook.)

! Undefined control sequence.
l.43 ... \do \catcode `\do \ \do \let \reserved@e 
                                                  \relax \let \reserved@f \r...
The control sequence at the end of the top line
of your error message was never \def'ed. If you have
misspelled it (e.g., `\hobx'), type `I' and the correct
spelling (e.g., `I\hbox'). Otherwise just continue,
and I'll forget about whatever was undefined.

! Undefined control sequence.
l.43 ...atcode `\do \ \do \let \reserved@e \relax 
                                                  \let \reserved@f \relax \l...
The control sequence at the end of the top line
of your error message was never \def'ed. If you have
misspelled it (e.g., `\hobx'), type `I' and the correct
spelling (e.g., `I\hbox'). Otherwise just continue,
and I'll forget about whatever was undefined.

! Missing { inserted.
l.43 ...d@f \relax \let \reserved@d = *\def \par }
                                                  {See the LaTeX manual or L...
Where was the left brace? You said something like `\def\a}',
which I'm going to interpret as `\def\a{}'.

! Use of   doesn't match its definition.
l.43 ...elax \let \reserved@d = *\def \par }{See t
                                                  he LaTeX manual or LaTeX C...
If you say, e.g., `\def\a1{...}', then you must always
put `1' after `\a', since control sequence names are
made up of letters only. The macro here has not been
followed by the required stuff, so I'm ignoring it.

! Use of   doesn't match its definition.
l.43 ... \let \reserved@d = *\def \par }{See the L
                                                  aTeX manual or LaTeX Compa...
If you say, e.g., `\def\a1{...}', then you must always
put `1' after `\a', since control sequence names are
made up of letters only. The macro here has not been
followed by the required stuff, so I'm ignoring it.

! Use of   doesn't match its definition.
l.43 ...\reserved@d = *\def \par }{See the LaTeX m
                                                  anual or LaTeX Companion f...
If you say, e.g., `\def\a1{...}', then you must always
put `1' after `\a', since control sequence names are
made up of letters only. The macro here has not been
followed by the required stuff, so I'm ignoring it.

! Use of   doesn't match its definition.
l.43 ...ed@d = *\def \par }{See the LaTeX manual o
                                                  r LaTeX Companion for expl...
If you say, e.g., `\def\a1{...}', then you must always
put `1' after `\a', since control sequence names are
made up of letters only. The macro here has not been
followed by the required stuff, so I'm ignoring it.

! Use of   doesn't match its definition.
l.43 ...d = *\def \par }{See the LaTeX manual or L
                                                  aTeX Companion for explana...
If you say, e.g., `\def\a1{...}', then you must always
put `1' after `\a', since control sequence names are
made up of letters only. The macro here has not been
followed by the required stuff, so I'm ignoring it.

! Use of   doesn't match its definition.
l.43 ...def \par }{See the LaTeX manual or LaTeX C
                                                  ompanion for explanation.}...
If you say, e.g., `\def\a1{...}', then you must always
put `1' after `\a', since control sequence names are
made up of letters only. The macro here has not been
followed by the required stuff, so I'm ignoring it.

! Use of   doesn't match its definition.
l.43 ...{See the LaTeX manual or LaTeX Companion f
                                                  or explanation.}{Try typin...
If you say, e.g., `\def\a1{...}', then you must always
put `1' after `\a', since control sequence names are
made up of letters only. The macro here has not been
followed by the required stuff, so I'm ignoring it.

! Use of   doesn't match its definition.
l.43 ... the LaTeX manual or LaTeX Companion for e
                                                  xplanation.}{Try typing <r...
If you say, e.g., `\def\a1{...}', then you must always
put `1' after `\a', since control sequence names are
made up of letters only. The macro here has not been
followed by the required stuff, so I'm ignoring it.

! Use of   doesn't match its definition.
l.43 ...or LaTeX Companion for explanation.}{Try t
                                                  yping <return> to proceed....
If you say, e.g., `\def\a1{...}', then you must always
put `1' after `\a', since control sequence names are
made up of letters only. The macro here has not been
followed by the required stuff, so I'm ignoring it.

! Use of   doesn't match its definition.
l.43 ...X Companion for explanation.}{Try typing <
                                                  return> to proceed.\Messag...
If you say, e.g., `\def\a1{...}', then you must always
put `1' after `\a', since control sequence names are
made up of letters only. The macro here has not been
followed by the required stuff, so I'm ignoring it.

! Use of   doesn't match its definition.
l.43 ...on for explanation.}{Try typing <return> t
                                                  o proceed.\MessageBreak If...
If you say, e.g., `\def\a1{...}', then you must always
put `1' after `\a', since control sequence names are
made up of letters only. The macro here has not been
followed by the required stuff, so I'm ignoring it.

! Use of   doesn't match its definition.
l.43 ...for explanation.}{Try typing <return> to p
                                                  roceed.\MessageBreak If th...
If you say, e.g., `\def\a1{...}', then you must always
put `1' after `\a', since control sequence names are
made up of letters only. The macro here has not been
followed by the required stuff, so I'm ignoring it.

! Use of   doesn't match its definition.
l.43 ...typing <return> to proceed.\MessageBreak I
                                                  f that doesn't work, type ...
If you say, e.g., `\def\a1{...}', then you must always
put `1' after `\a', since control sequence names are
made up of letters only. The macro here has not been
followed by the required stuff, so I'm ignoring it.

! Use of   doesn't match its definition.
l.43 ...ing <return> to proceed.\MessageBreak If t
                                                  hat doesn't work, type X <...
If you say, e.g., `\def\a1{...}', then you must always
put `1' after `\a', since control sequence names are
made up of letters only. The macro here has not been
followed by the required stuff, so I'm ignoring it.

! Use of   doesn't match its definition.
l.43 ...return> to proceed.\MessageBreak If that d
                                                  oesn't work, type X <retur...
If you say, e.g., `\def\a1{...}', then you must always
put `1' after `\a', since control sequence names are
made up of letters only. The macro here has not been
followed by the required stuff, so I'm ignoring it.

! Use of   doesn't match its definition.
l.43 ...to proceed.\MessageBreak If that doesn't w
                                                  ork, type X <return> to qu...
If you say, e.g., `\def\a1{...}', then you must always
put `1' after `\a', since control sequence names are
made up of letters only. The macro here has not been
followed by the required stuff, so I'm ignoring it.

! Use of   doesn't match its definition.
l.43 ...ceed.\MessageBreak If that doesn't work, t
                                                  ype X <return> to quit.}}\...
If you say, e.g., `\def\a1{...}', then you must always
put `1' after `\a', since control sequence names are
made up of letters only. The macro here has not been
followed by the required stuff, so I'm ignoring it.

! Use of   doesn't match its definition.
l.43 ...\MessageBreak If that doesn't work, type X
                                                   <return> to quit.}}\let \...
If you say, e.g., `\def\a1{...}', then you must always
put `1' after `\a', since control sequence names are
made up of letters only. The macro here has not been
followed by the required stuff, so I'm ignoring it.

! Use of   doesn't match its definition.
l.43 ...essageBreak If that doesn't work, type X <
                                                  return> to quit.}}\let \do...
If you say, e.g., `\def\a1{...}', then you must always
put `1' after `\a', since control sequence names are
made up of letters only. The macro here has not been
followed by the required stuff, so I'm ignoring it.

! Use of   doesn't match its definition.
l.43 ...ak If that doesn't work, type X <return> t
                                                  o quit.}}\let \do \catcode...
If you say, e.g., `\def\a1{...}', then you must always
put `1' after `\a', since control sequence names are
made up of letters only. The macro here has not been
followed by the required stuff, so I'm ignoring it.

! Use of   doesn't match its definition.
l.43 ...If that doesn't work, type X <return> to q
                                                  uit.}}\let \do \catcode `\...
If you say, e.g., `\def\a1{...}', then you must always
put `1' after `\a', since control sequence names are
made up of letters only. The macro here has not been
followed by the required stuff, so I'm ignoring it.

! Missing number, treated as zero.
<to be read again> 
                   \ 
l.43 ...eturn> to quit.}}\let \do \catcode `\do \ 
                                                  \do \\\do \{\do \}\do \$\d...
A number should have been here; I inserted `0'.
(If you can't figure out why I needed to see a number,
look up `weird error' in the index to The TeXbook.)

! Missing number, treated as zero.
<to be read again> 
                   \ 
l.43 ...eturn> to quit.}}\let \do \catcode `\do \ 
                                                  \do \\\do \{\do \}\do \$\d...
A number should have been here; I inserted `0'.
(If you can't figure out why I needed to see a number,
look up `weird error' in the index to The TeXbook.)

! Missing number, treated as zero.
<to be read again> 
                   \protect 
l.43 ... to quit.}}\let \do \catcode `\do \ \do \\
                                                  \do \{\do \}\do \$\do \&\d...
A number should have been here; I inserted `0'.
(If you can't figure out why I needed to see a number,
look up `weird error' in the index to The TeXbook.)

! Missing number, treated as zero.
<to be read again> 
                   \protect 
l.43 ... to quit.}}\let \do \catcode `\do \ \do \\
                                                  \do \{\do \}\do \$\do \&\d...
A number should have been here; I inserted `0'.
(If you can't figure out why I needed to see a number,
look up `weird error' in the index to The TeXbook.)

! Missing number, treated as zero.
<to be read again> 
                   \protect 
l.43 ...it.}}\let \do \catcode `\do \ \do \\\do \{
                                                  \do \}\do \$\do \&\do \#\d...
A number should have been here; I inserted `0'.
(If you can't figure out why I needed to see a number,
look up `weird error' in the index to The TeXbook.)

! Missing number, treated as zero.
<to be read again> 
                   \protect 
l.43 ...it.}}\let \do \catcode `\do \ \do \\\do \{
                                                  \do \}\do \$\do \&\do \#\d...
A number should have been here; I inserted `0'.
(If you can't figure out why I needed to see a number,
look up `weird error' in the index to The TeXbook.)

! Missing number, treated as zero.
<to be read again> 
                   \protect 
l.43 ...let \do \catcode `\do \ \do \\\do \{\do \}
                                                  \do \$\do \&\do \#\do \^\d...
A number should have been here; I inserted `0'.
(If you can't figure out why I needed to see a number,
look up `weird error' in the index to The TeXbook.)

! Missing number, treated as zero.
<to be read again> 
                   \protect 
l.43 ...let \do \catcode `\do \ \do \\\do \{\do \}
                                                  \do \$\do \&\do \#\do \^\d...
A number should have been here; I inserted `0'.
(If you can't figure out why I needed to see a number,
look up `weird error' in the index to The TeXbook.)

! Missing number, treated as zero.
<to be read again> 
                   \protect 
l.43 ...o \catcode `\do \ \do \\\do \{\do \}\do \$
                                                  \do \&\do \#\do \^\do \_\d...
A number should have been here; I inserted `0'.
(If you can't figure out why I needed to see a number,
look up `weird error' in the index to The TeXbook.)

! Missing number, treated as zero.
<to be read again> 
                   \protect 
l.43 ...o \catcode `\do \ \do \\\do \{\do \}\do \$
                                                  \do \&\do \#\do \^\do \_\d...
A number should have been here; I inserted `0'.
(If you can't figure out why I needed to see a number,
look up `weird error' in the index to The TeXbook.)

! Missing number, treated as zero.
<to be read again> 
                   \unhbox 
l.43 ... \\\do \{\do \}\do \$\do \&\do \#\do \^\do
                                                   \_\do \%\do \~\do \"12\re...
A number should have been here; I inserted `0'.
(If you can't figure out why I needed to see a number,
look up `weird error' in the index to The TeXbook.)

! Missing number, treated as zero.
<to be read again> 
                   \unhbox 
l.43 ... \\\do \{\do \}\do \$\do \&\do \#\do \^\do
                                                   \_\do \%\do \~\do \"12\re...
A number should have been here; I inserted `0'.
(If you can't figure out why I needed to see a number,
look up `weird error' in the index to The TeXbook.)

! Missing number, treated as zero.
<to be read again> 
                   \global 
l.43 ... \\\do \{\do \}\do \$\do \&\do \#\do \^\do
                                                   \_\do \%\do \~\do \"12\re...
A number should have been here; I inserted `0'.
(If you can't figure out why I needed to see a number,
look up `weird error' in the index to The TeXbook.)

! Missing number, treated as zero.
<to be read again> 
                   \global 
l.43 ... \\\do \{\do \}\do \$\do \&\do \#\do \^\do
                                                   \_\do \%\do \~\do \"12\re...
A number should have been here; I inserted `0'.
(If you can't figure out why I needed to see a number,
look up `weird error' in the index to The TeXbook.)

! Missing number, treated as zero.
<to be read again> 
                   \protect 
l.43 ... \\\do \{\do \}\do \$\do \&\do \#\do \^\do
                                                   \_\do \%\do \~\do \"12\re...
A number should have been here; I inserted `0'.
(If you can't figure out why I needed to see a number,
look up `weird error' in the index to The TeXbook.)

! Missing number, treated as zero.
<to be read again> 
                   \protect 
l.43 ... \\\do \{\do \}\do \$\do \&\do \#\do \^\do
                                                   \_\do \%\do \~\do \"12\re...
A number should have been here; I inserted `0'.
(If you can't figure out why I needed to see a number,
look up `weird error' in the index to The TeXbook.)


! \accent@spacefactor .

\_
Type  H <return>  for immediate help.
 ...                                              
                                                  
l.43 ... \{\do \}\do \$\do \&\do \#\do \^\do \_\do
                                                   \%\do \~\do \"12\relax \n...

\do 

! Missing number, treated as zero.
<to be read again> 
                   \unhbox 
l.43 ... \$\do \&\do \#\do \^\do \_\do \%\do \~\do
                                                   \"12\relax \normalfont \t...
A number should have been here; I inserted `0'.
(If you can't figure out why I needed to see a number,
look up `weird error' in the index to The TeXbook.)

! Missing number, treated as zero.
<to be read again> 
                   \unhbox 
l.43 ... \$\do \&\do \#\do \^\do \_\do \%\do \~\do
                                                   \"12\relax \normalfont \t...
A number should have been here; I inserted `0'.
(If you can't figure out why I needed to see a number,
look up `weird error' in the index to The TeXbook.)

! Missing number, treated as zero.
<to be read again> 
                   \global 
l.43 ... \$\do \&\do \#\do \^\do \_\do \%\do \~\do
                                                   \"12\relax \normalfont \t...
A number should have been here; I inserted `0'.
(If you can't figure out why I needed to see a number,
look up `weird error' in the index to The TeXbook.)

! Missing number, treated as zero.
<to be read again> 
                   \global 
l.43 ... \$\do \&\do \#\do \^\do \_\do \%\do \~\do
                                                   \"12\relax \normalfont \t...
A number should have been here; I inserted `0'.
(If you can't figure out why I needed to see a number,
look up `weird error' in the index to The TeXbook.)

! Missing number, treated as zero.
<to be read again> 
                   \protect 
l.43 ... \$\do \&\do \#\do \^\do \_\do \%\do \~\do
                                                   \"12\relax \normalfont \t...
A number should have been here; I inserted `0'.
(If you can't figure out why I needed to see a number,
look up `weird error' in the index to The TeXbook.)

! Missing number, treated as zero.
<to be read again> 
                   \protect 
l.43 ... \$\do \&\do \#\do \^\do \_\do \%\do \~\do
                                                   \"12\relax \normalfont \t...
A number should have been here; I inserted `0'.
(If you can't figure out why I needed to see a number,
look up `weird error' in the index to The TeXbook.)


! \accent@spacefactor .

\"
Type  H <return>  for immediate help.
 ...                                              
                                                  
l.43 ...do \&\do \#\do \^\do \_\do \%\do \~\do \"1
                                                  2\relax \normalfont \ttfam...

1

(/usr/share/texmf-dist/tex/latex/ae/t1aett.fd
File: t1aett.fd 1997/11/16 Font definitions for T1/aett.
)
! Missing number, treated as zero.
<to be read again> 
                   \unhbox 
l.43 ...r \font \m@ne \let \do \catcode `\do \`\do
                                                   \do \mskip \medmuskip \do...
A number should have been here; I inserted `0'.
(If you can't figure out why I needed to see a number,
look up `weird error' in the index to The TeXbook.)

! Missing number, treated as zero.
<to be read again> 
                   \unhbox 
l.43 ...r \font \m@ne \let \do \catcode `\do \`\do
                                                   \do \mskip \medmuskip \do...
A number should have been here; I inserted `0'.
(If you can't figure out why I needed to see a number,
look up `weird error' in the index to The TeXbook.)

! Missing number, treated as zero.
<to be read again> 
                   \global 
l.43 ...r \font \m@ne \let \do \catcode `\do \`\do
                                                   \do \mskip \medmuskip \do...
A number should have been here; I inserted `0'.
(If you can't figure out why I needed to see a number,
look up `weird error' in the index to The TeXbook.)

! Missing number, treated as zero.
<to be read again> 
                   \global 
l.43 ...r \font \m@ne \let \do \catcode `\do \`\do
                                                   \do \mskip \medmuskip \do...
A number should have been here; I inserted `0'.
(If you can't figure out why I needed to see a number,
look up `weird error' in the index to The TeXbook.)

! Missing number, treated as zero.
<to be read again> 
                   \protect 
l.43 ...r \font \m@ne \let \do \catcode `\do \`\do
                                                   \do \mskip \medmuskip \do...
A number should have been here; I inserted `0'.
(If you can't figure out why I needed to see a number,
look up `weird error' in the index to The TeXbook.)

! Missing number, treated as zero.
<to be read again> 
                   \protect 
l.43 ...r \font \m@ne \let \do \catcode `\do \`\do
                                                   \do \mskip \medmuskip \do...
A number should have been here; I inserted `0'.
(If you can't figure out why I needed to see a number,
look up `weird error' in the index to The TeXbook.)


! \accent@spacefactor .

\do 
Type  H <return>  for immediate help.
 ...                                              
                                                  
l.43 ...ne \let \do \catcode `\do \`\do \do \mskip
                                                   \medmuskip \do \tmspace +...

\mskip 

! Missing number, treated as zero.
<to be read again> 
                   \protect 
l.43 ...o \`\do \do \mskip \medmuskip \do \tmspace
                                                   +\thinmuskip {.1667em}\do...
A number should have been here; I inserted `0'.
(If you can't figure out why I needed to see a number,
look up `weird error' in the index to The TeXbook.)

! Illegal unit of measure (mu inserted).
<to be read again> 
                   \protect 
l.43 ...o \`\do \do \mskip \medmuskip \do \tmspace
                                                   +\thinmuskip {.1667em}\do...
The unit of measurement in math glue must be mu.
To recover gracefully from this error, it's best to
delete the erroneous units; e.g., type `2' to delete
two letters. (See Chapter 27 of The TeXbook.)

! Missing number, treated as zero.
<to be read again> 
                   \unhbox 
l.43 ...o \tmspace +\thinmuskip {.1667em}\do \'\do
                                                   \discretionary {-}{}{}\ac...
A number should have been here; I inserted `0'.
(If you can't figure out why I needed to see a number,
look up `weird error' in the index to The TeXbook.)

! Missing number, treated as zero.
<to be read again> 
                   \unhbox 
l.43 ...o \tmspace +\thinmuskip {.1667em}\do \'\do
                                                   \discretionary {-}{}{}\ac...
A number should have been here; I inserted `0'.
(If you can't figure out why I needed to see a number,
look up `weird error' in the index to The TeXbook.)

! Missing number, treated as zero.
<to be read again> 
                   \global 
l.43 ...o \tmspace +\thinmuskip {.1667em}\do \'\do
                                                   \discretionary {-}{}{}\ac...
A number should have been here; I inserted `0'.
(If you can't figure out why I needed to see a number,
look up `weird error' in the index to The TeXbook.)

! Missing number, treated as zero.
<to be read again> 
                   \global 
l.43 ...o \tmspace +\thinmuskip {.1667em}\do \'\do
                                                   \discretionary {-}{}{}\ac...
A number should have been here; I inserted `0'.
(If you can't figure out why I needed to see a number,
look up `weird error' in the index to The TeXbook.)

! Missing number, treated as zero.
<to be read again> 
                   \protect 
l.43 ...o \tmspace +\thinmuskip {.1667em}\do \'\do
                                                   \discretionary {-}{}{}\ac...
(That makes 100 errors; please try again.) 
Here is how much of TeX's memory you used:
 24163 strings out of 493308
 421940 string characters out of 6143617
 584187 words of memory out of 5000000
 27039 multiletter control sequences out of 15000+600000
 42873 words of font info for 66 fonts, out of 8000000 for 9000
 957 hyphenation exceptions out of 8191
 71i,11n,62p,2502b,432s stack positions out of 5000i,500n,10000p,200000b,80000s

!  ==> Fatal error occurred, no output PDF file produced!
