\BOOKMARK [0][]{Contents.0}{Contents}{}% 1
\BOOKMARK [0][]{chapter.1}{1 Introduction}{}% 2
\BOOKMARK [1][-]{section.1.1}{1.1 Motivation}{chapter.1}% 3
\BOOKMARK [1][-]{section.1.2}{1.2 Objective and Contribution}{chapter.1}% 4
\BOOKMARK [1][-]{section.1.3}{1.3 Structure}{chapter.1}% 5
\BOOKMARK [1][-]{section.1.4}{1.4 Related Work}{chapter.1}% 6
\BOOKMARK [0][]{chapter.2}{2 Foundations}{}% 7
\BOOKMARK [1][-]{section.2.1}{2.1 SMT System}{chapter.2}% 8
\BOOKMARK [1][-]{section.2.2}{2.2 Rules Based Pre-Reodering}{chapter.2}% 9
\BOOKMARK [1][-]{section.2.3}{2.3 Word Alignment}{chapter.2}% 10
\BOOKMARK [1][-]{section.2.4}{2.4 Part-of-Speech Tag}{chapter.2}% 11
\BOOKMARK [1][-]{section.2.5}{2.5 Syntactic Tree}{chapter.2}% 12
\BOOKMARK [1][-]{section.2.6}{2.6 Reordering Rule Types}{chapter.2}% 13
\BOOKMARK [1][-]{section.2.7}{2.7 Lattices}{chapter.2}% 14
\BOOKMARK [1][-]{section.2.8}{2.8 BLEU Score}{chapter.2}% 15
\BOOKMARK [0][]{chapter.3}{3 Reordering Approach}{}% 16
\BOOKMARK [1][-]{section.3.1}{3.1 Reordering Problem in Chinese-English Translation}{chapter.3}% 17
\BOOKMARK [1][-]{section.3.2}{3.2 Motivation of our Pre-reordering system}{chapter.3}% 18
\BOOKMARK [1][-]{section.3.3}{3.3 The reordering algorithm}{chapter.3}% 19
\BOOKMARK [0][]{chapter.4}{4 Evaluation}{}% 20
\BOOKMARK [1][-]{section.4.1}{4.1 English to Chinese Systems}{chapter.4}% 21
\BOOKMARK [2][-]{subsection.4.1.1}{4.1.1 Experimental Setup}{section.4.1}% 22
\BOOKMARK [2][-]{subsection.4.1.2}{4.1.2 Result}{section.4.1}% 23
\BOOKMARK [2][-]{subsection.4.1.3}{4.1.3 Evaluation}{section.4.1}% 24
\BOOKMARK [1][-]{section.4.2}{4.2 Experiement Setup}{chapter.4}% 25
\BOOKMARK [1][-]{section.4.3}{4.3 English to Chinese Systems}{chapter.4}% 26
\BOOKMARK [2][-]{subsection.4.3.1}{4.3.1 Experimental Setup}{section.4.3}% 27
\BOOKMARK [2][-]{subsection.4.3.2}{4.3.2 Result}{section.4.3}% 28
\BOOKMARK [2][-]{subsection.4.3.3}{4.3.3 Evaluation}{section.4.3}% 29
\BOOKMARK [1][-]{section.4.4}{4.4 Conclusion}{chapter.4}% 30
\BOOKMARK [0][]{chapter.5}{5 Conclusion}{}% 31
\BOOKMARK [1][-]{section.5.1}{5.1 Discussion}{chapter.5}% 32
\BOOKMARK [1][-]{section.5.2}{5.2 Conclusion}{chapter.5}% 33
\BOOKMARK [1][-]{section.5.3}{5.3 Outlook}{chapter.5}% 34
\BOOKMARK [0][]{chapter*.2}{Appendix}{}% 35
\BOOKMARK [1][-]{section.5.1}{A Score list of systems}{chapter*.2}% 36
\BOOKMARK [1][-]{section.5.2}{B Documentation of Pre-Reordering System}{chapter*.2}% 37
\BOOKMARK [0][]{section.5.2}{List of Tables}{}% 38
\BOOKMARK [0][]{chapter*.3}{List of Figures}{}% 39
\BOOKMARK [0][]{section*.5}{Bibliography}{}% 40
